d:\software\glraytrace\openglraytracer\engine\x64\release\polymesh.obj
d:\software\glraytrace\openglraytracer\engine\x64\release\hitablelist.obj
d:\software\glraytrace\openglraytracer\engine\x64\release\application.obj
d:\software\glraytrace\openglraytracer\engine\x64\release\texture2d.obj
d:\software\glraytrace\openglraytracer\engine\x64\release\rasterizer.obj
d:\software\glraytrace\openglraytracer\engine\x64\release\shaderprogram.obj
d:\software\glraytrace\openglraytracer\engine\x64\release\sphere.obj
d:\software\glraytrace\openglraytracer\engine\x64\release\raymaterial.obj
d:\software\glraytrace\openglraytracer\engine\x64\release\raycamera.obj
d:\software\glraytrace\openglraytracer\engine\x64\release\engine.obj
d:\software\glraytrace\openglraytracer\engine\x64\release\raytracer.obj
d:\software\glraytrace\openglraytracer\engine\x64\release\glfwapplication.obj
d:\software\glraytrace\openglraytracer\engine\x64\release\texcreate.obj
d:\software\glraytrace\openglraytracer\engine\x64\release\vc141.pdb
d:\software\glraytrace\openglraytracer\engine\x64\release\engine.ipdb
d:\software\glraytrace\openglraytracer\engine\x64\release\engine.iobj
d:\software\glraytrace\openglraytracer\engine\x64\release\engine.exe
d:\software\glraytrace\openglraytracer\engine\x64\release\engine.pdb
d:\software\glraytrace\openglraytracer\engine\x64\release\engine.tlog\cl.command.1.tlog
d:\software\glraytrace\openglraytracer\engine\x64\release\engine.tlog\cl.read.1.tlog
d:\software\glraytrace\openglraytracer\engine\x64\release\engine.tlog\cl.write.1.tlog
d:\software\glraytrace\openglraytracer\engine\x64\release\engine.tlog\engine.write.1u.tlog
d:\software\glraytrace\openglraytracer\engine\x64\release\engine.tlog\link.command.1.tlog
d:\software\glraytrace\openglraytracer\engine\x64\release\engine.tlog\link.read.1.tlog
d:\software\glraytrace\openglraytracer\engine\x64\release\engine.tlog\link.write.1.tlog
