d:\software\glraytrace\openglraytracer\engine\x64\debug\glfwapplication.obj
d:\software\glraytrace\openglraytracer\engine\x64\debug\application.obj
d:\software\glraytrace\openglraytracer\engine\x64\debug\texcreate.obj
d:\software\glraytrace\openglraytracer\engine\x64\debug\rasterizer.obj
d:\software\glraytrace\openglraytracer\engine\x64\debug\engine.obj
d:\software\glraytrace\openglraytracer\engine\x64\debug\shaderprogram.obj
d:\software\glraytrace\openglraytracer\engine\x64\debug\polymesh.obj
d:\software\glraytrace\openglraytracer\engine\x64\debug\raytracer.obj
d:\software\glraytrace\openglraytracer\engine\x64\debug\bvh.obj
d:\software\glraytrace\openglraytracer\engine\x64\debug\box.obj
d:\software\glraytrace\openglraytracer\engine\x64\debug\raytexture.obj
d:\software\glraytrace\openglraytracer\engine\x64\debug\sphere.obj
d:\software\glraytrace\openglraytracer\engine\x64\debug\texture2d.obj
d:\software\glraytrace\openglraytracer\engine\x64\debug\perlin.obj
d:\software\glraytrace\openglraytracer\engine\x64\debug\triangle.obj
d:\software\glraytrace\openglraytracer\engine\x64\debug\aabb.obj
d:\software\glraytrace\openglraytracer\engine\x64\debug\raycamera.obj
d:\software\glraytrace\openglraytracer\engine\x64\debug\raymaterial.obj
d:\software\glraytrace\openglraytracer\engine\x64\debug\hitablelist.obj
d:\software\glraytrace\openglraytracer\engine\x64\debug\vc141.pdb
d:\software\glraytrace\openglraytracer\engine\x64\debug\vc141.idb
d:\software\glraytrace\openglraytracer\engine\x64\debug\engine.exe
d:\software\glraytrace\openglraytracer\engine\x64\debug\engine.ilk
d:\software\glraytrace\openglraytracer\engine\x64\debug\engine.pdb
d:\software\glraytrace\openglraytracer\engine\x64\debug\engine.tlog\cl.command.1.tlog
d:\software\glraytrace\openglraytracer\engine\x64\debug\engine.tlog\cl.read.1.tlog
d:\software\glraytrace\openglraytracer\engine\x64\debug\engine.tlog\cl.write.1.tlog
d:\software\glraytrace\openglraytracer\engine\x64\debug\engine.tlog\link.command.1.tlog
d:\software\glraytrace\openglraytracer\engine\x64\debug\engine.tlog\link.read.1.tlog
d:\software\glraytrace\openglraytracer\engine\x64\debug\engine.tlog\link.write.1.tlog
